<cvars>
    <particle.texture>  sand.png    </particle.texture>
    <particle.acceleration>  [ 0,  0,  0 ]    </particle.acceleration>
    <particle.blend>  0    </particle.blend>
    <particle.emitter_lifespan>  1    </particle.emitter_lifespan>
    <particle.emit_count>  10    </particle.emit_count>
    <particle.emit_interval>  1000    </particle.emit_interval>
    <particle.fade_in>  50    </particle.fade_in>
    <particle.fade_out>  150    </particle.fade_out>
    <particle.interpolate>  1    </particle.interpolate>
    <particle.lifespan>  400    </particle.lifespan>
    <particle.origin>  [ 0,  0,  0.1 ]    </particle.origin>
    <particle.panel_type>  3    </particle.panel_type>
    <particle.rotation>  [ 0,  0,  0 ]    </particle.rotation>
    <particle.size.min>  [ 0.4,  0.4, 0.4 ]    </particle.size.min>
    <particle.size.max>  [ 0.6,  0.6,  0.6 ]    </particle.size.max>
    <particle.speed.min>  [ -1,  -1,  1 ]    </particle.speed.min>
    <particle.speed.max>  [  1,   1,  3 ]    </particle.speed.max>
    <particle.spin>  [ 0,  0,  10 ]    </particle.spin>
    <particle.volume.min>  [ -0.2,  -0.2,  0.0 ]    </particle.volume.min>
    <particle.volume.max>  [  0.2,  0.2,  0.05 ]    </particle.volume.max>
    <particle.wind>  0    </particle.wind>
    <particle.gravity>  1    </particle.wind>
    <particle.z_buffer>  0    </particle.z_buffer>
</cvars>
